<?xml version="1.0" encoding="UTF-8"?>
<testsuites name="jest tests" tests="8" failures="0" time="13.627">
  <testsuite name="Banner" errors="0" failures="0" skipped="0" timestamp="2020-01-16T01:13:53" time="1.78" tests="1">
    <testcase classname="Banner renders correctly" name="Banner renders correctly" time="0.154">
    </testcase>
  </testsuite>
  <testsuite name="MapSection" errors="0" failures="0" skipped="0" timestamp="2020-01-16T01:13:53" time="2.147" tests="1">
    <testcase classname="MapSection renders correctly" name="MapSection renders correctly" time="0.129">
    </testcase>
  </testsuite>
  <testsuite name="Map" errors="0" failures="0" skipped="0" timestamp="2020-01-16T01:13:55" time="0.636" tests="1">
    <testcase classname="Map renders correctly" name="Map renders correctly" time="0.009">
    </testcase>
  </testsuite>
  <testsuite name="Site Audits via Lighthouse" errors="0" failures="0" skipped="0" timestamp="2020-01-16T01:13:53" time="12.188" tests="5">
    <testcase classname="Site Audits via Lighthouse passes an accessibility audit through Lighthouse" name="Site Audits via Lighthouse passes an accessibility audit through Lighthouse" time="0.003">
    </testcase>
    <testcase classname="Site Audits via Lighthouse passes a performance audit through Lighthouse" name="Site Audits via Lighthouse passes a performance audit through Lighthouse" time="0.001">
    </testcase>
    <testcase classname="Site Audits via Lighthouse passes a best practice audit through Lighthouse" name="Site Audits via Lighthouse passes a best practice audit through Lighthouse" time="0">
    </testcase>
    <testcase classname="Site Audits via Lighthouse passes a SEO audit through Lighthouse" name="Site Audits via Lighthouse passes a SEO audit through Lighthouse" time="0.001">
    </testcase>
    <testcase classname="Site Audits via Lighthouse passes PWA(Progress Web App) audit through Lighthouse" name="Site Audits via Lighthouse passes PWA(Progress Web App) audit through Lighthouse" time="0">
    </testcase>
  </testsuite>
</testsuites>